# JRE version: OpenJDK Runtime Environment Temurin-21.0.5+11 (21.0.5+11) (build 21.0.5+11-LTS)
# Java VM: OpenJDK 64-Bit Server VM Temurin-21.0.5+11 (21.0.5+11-LTS, mixed mode, sharing, tiered, compressed oops, compressed class ptrs, parallel gc, windows-amd64)
GC Precious Log:
 CardTable entry size: 512
 CPUs: 12 total, 12 available
 Memory: 32619M
 Large Page Support: Disabled
 NUMA Support: Disabled
 Compressed Oops: Enabled (32-bit)
 Alignments: Space 512K, Generation 512K, Heap 2M
 Heap Min Capacity: 100M
 Heap Initial Capacity: 100M
 Heap Max Capacity: 1G
 Pre-touch: Disabled
 Parallel Workers: 10
Heap:
 PSYoungGen      total 3584K, used 883K [0x00000000eab00000, 0x00000000eaf80000, 0x0000000100000000)
  eden space 2560K, 13% used [0x00000000eab00000,0x00000000eab54748,0x00000000ead80000)
  from space 1024K, 56% used [0x00000000ead80000,0x00000000eae10000,0x00000000eae80000)
  to   space 1024K, 0% used [0x00000000eae80000,0x00000000eae80000,0x00000000eaf80000)
 ParOldGen       total 452608K, used 214212K [0x00000000c0000000, 0x00000000dba00000, 0x00000000eab00000)
  object space 452608K, 47% used [0x00000000c0000000,0x00000000cd131320,0x00000000dba00000)
 Metaspace       used 59605K, committed 60992K, reserved 1114112K
  class space    used 6123K, committed 6720K, reserved 1048576K
GC Heap History (20 events):
Event: 7.681 GC heap before
{Heap before GC invocations=464 (full 3):
 PSYoungGen      total 3072K, used 3008K [0x00000000eab00000, 0x00000000eaf00000, 0x0000000100000000)
  eden space 2560K, 100% used [0x00000000eab00000,0x00000000ead80000,0x00000000ead80000)
  from space 512K, 87% used [0x00000000eae80000,0x00000000eaef0000,0x00000000eaf00000)
  to   space 512K, 0% used [0x00000000eae00000,0x00000000eae00000,0x00000000eae80000)
 ParOldGen       total 452608K, used 209677K [0x00000000c0000000, 0x00000000dba00000, 0x00000000eab00000)
  object space 452608K, 46% used [0x00000000c0000000,0x00000000cccc36e8,0x00000000dba00000)
 Metaspace       used 59520K, committed 60864K, reserved 1114112K
  class space    used 6121K, committed 6720K, reserved 1048576K
}
Event: 7.681 GC heap after
{Heap after GC invocations=464 (full 3):
 PSYoungGen      total 3072K, used 497K [0x00000000eab00000, 0x00000000eaf80000, 0x0000000100000000)
  eden space 2560K, 0% used [0x00000000eab00000,0x00000000eab00000,0x00000000ead80000)
  from space 512K, 97% used [0x00000000eae00000,0x00000000eae7c5b0,0x00000000eae80000)
  to   space 1024K, 0% used [0x00000000eae80000,0x00000000eae80000,0x00000000eaf80000)
 ParOldGen       total 452608K, used 209965K [0x00000000c0000000, 0x00000000dba00000, 0x00000000eab00000)
  object space 452608K, 46% used [0x00000000c0000000,0x00000000ccd0b6e8,0x00000000dba00000)
 Metaspace       used 59520K, committed 60864K, reserved 1114112K
  class space    used 6121K, committed 6720K, reserved 1048576K
}
Event: 7.686 GC heap before
{Heap before GC invocations=465 (full 3):
 PSYoungGen      total 3072K, used 3057K [0x00000000eab00000, 0x00000000eaf80000, 0x0000000100000000)
  eden space 2560K, 99% used [0x00000000eab00000,0x00000000ead7ff78,0x00000000ead80000)
  from space 512K, 97% used [0x00000000eae00000,0x00000000eae7c5b0,0x00000000eae80000)
  to   space 1024K, 0% used [0x00000000eae80000,0x00000000eae80000,0x00000000eaf80000)
 ParOldGen       total 452608K, used 209965K [0x00000000c0000000, 0x00000000dba00000, 0x00000000eab00000)
  object space 452608K, 46% used [0x00000000c0000000,0x00000000ccd0b6e8,0x00000000dba00000)
 Metaspace       used 59522K, committed 60864K, reserved 1114112K
  class space    used 6121K, committed 6720K, reserved 1048576K
}
Event: 7.687 GC heap after
{Heap after GC invocations=465 (full 3):
 PSYoungGen      total 3584K, used 608K [0x00000000eab00000, 0x00000000eaf80000, 0x0000000100000000)
  eden space 2560K, 0% used [0x00000000eab00000,0x00000000eab00000,0x00000000ead80000)
  from space 1024K, 59% used [0x00000000eae80000,0x00000000eaf18000,0x00000000eaf80000)
  to   space 1024K, 0% used [0x00000000ead80000,0x00000000ead80000,0x00000000eae80000)
 ParOldGen       total 452608K, used 210349K [0x00000000c0000000, 0x00000000dba00000, 0x00000000eab00000)
  object space 452608K, 46% used [0x00000000c0000000,0x00000000ccd6b6e8,0x00000000dba00000)
 Metaspace       used 59522K, committed 60864K, reserved 1114112K
  class space    used 6121K, committed 6720K, reserved 1048576K
}
Event: 7.692 GC heap before
{Heap before GC invocations=466 (full 3):
 PSYoungGen      total 3584K, used 3162K [0x00000000eab00000, 0x00000000eaf80000, 0x0000000100000000)
  eden space 2560K, 99% used [0x00000000eab00000,0x00000000ead7ebd8,0x00000000ead80000)
  from space 1024K, 59% used [0x00000000eae80000,0x00000000eaf18000,0x00000000eaf80000)
  to   space 1024K, 0% used [0x00000000ead80000,0x00000000ead80000,0x00000000eae80000)
 ParOldGen       total 452608K, used 210349K [0x00000000c0000000, 0x00000000dba00000, 0x00000000eab00000)
  object space 452608K, 46% used [0x00000000c0000000,0x00000000ccd6b6e8,0x00000000dba00000)
 Metaspace       used 59536K, committed 60864K, reserved 1114112K
  class space    used 6122K, committed 6720K, reserved 1048576K
}
Event: 7.693 GC heap after
{Heap after GC invocations=466 (full 3):
 PSYoungGen      total 3584K, used 643K [0x00000000eab00000, 0x00000000eaf80000, 0x0000000100000000)
  eden space 2560K, 0% used [0x00000000eab00000,0x00000000eab00000,0x00000000ead80000)
  from space 1024K, 62% used [0x00000000ead80000,0x00000000eae20d40,0x00000000eae80000)
  to   space 1024K, 0% used [0x00000000eae80000,0x00000000eae80000,0x00000000eaf80000)
 ParOldGen       total 452608K, used 210765K [0x00000000c0000000, 0x00000000dba00000, 0x00000000eab00000)
  object space 452608K, 46% used [0x00000000c0000000,0x00000000ccdd36e8,0x00000000dba00000)
 Metaspace       used 59536K, committed 60864K, reserved 1114112K
  class space    used 6122K, committed 6720K, reserved 1048576K
}
Event: 7.702 GC heap before
{Heap before GC invocations=467 (full 3):
 PSYoungGen      total 3584K, used 3203K [0x00000000eab00000, 0x00000000eaf80000, 0x0000000100000000)
  eden space 2560K, 99% used [0x00000000eab00000,0x00000000ead7ffd0,0x00000000ead80000)
  from space 1024K, 62% used [0x00000000ead80000,0x00000000eae20d40,0x00000000eae80000)
  to   space 1024K, 0% used [0x00000000eae80000,0x00000000eae80000,0x00000000eaf80000)
 ParOldGen       total 452608K, used 210765K [0x00000000c0000000, 0x00000000dba00000, 0x00000000eab00000)
  object space 452608K, 46% used [0x00000000c0000000,0x00000000ccdd36e8,0x00000000dba00000)
 Metaspace       used 59542K, committed 60864K, reserved 1114112K
  class space    used 6122K, committed 6720K, reserved 1048576K
}
Event: 7.702 GC heap after
{Heap after GC invocations=467 (full 3):
 PSYoungGen      total 3584K, used 448K [0x00000000eab00000, 0x00000000eaf80000, 0x0000000100000000)
  eden space 2560K, 0% used [0x00000000eab00000,0x00000000eab00000,0x00000000ead80000)
  from space 1024K, 43% used [0x00000000eae80000,0x00000000eaef0000,0x00000000eaf80000)
  to   space 1024K, 0% used [0x00000000ead80000,0x00000000ead80000,0x00000000eae80000)
 ParOldGen       total 452608K, used 211125K [0x00000000c0000000, 0x00000000dba00000, 0x00000000eab00000)
  object space 452608K, 46% used [0x00000000c0000000,0x00000000cce2d6e8,0x00000000dba00000)
 Metaspace       used 59542K, committed 60864K, reserved 1114112K
  class space    used 6122K, committed 6720K, reserved 1048576K
}
Event: 7.709 GC heap before
{Heap before GC invocations=468 (full 3):
 PSYoungGen      total 3584K, used 3008K [0x00000000eab00000, 0x00000000eaf80000, 0x0000000100000000)
  eden space 2560K, 100% used [0x00000000eab00000,0x00000000ead80000,0x00000000ead80000)
  from space 1024K, 43% used [0x00000000eae80000,0x00000000eaef0000,0x00000000eaf80000)
  to   space 1024K, 0% used [0x00000000ead80000,0x00000000ead80000,0x00000000eae80000)
 ParOldGen       total 452608K, used 211125K [0x00000000c0000000, 0x00000000dba00000, 0x00000000eab00000)
  object space 452608K, 46% used [0x00000000c0000000,0x00000000cce2d6e8,0x00000000dba00000)
 Metaspace       used 59543K, committed 60864K, reserved 1114112K
  class space    used 6122K, committed 6720K, reserved 1048576K
}
Event: 7.710 GC heap after
{Heap after GC invocations=468 (full 3):
 PSYoungGen      total 3584K, used 448K [0x00000000eab00000, 0x00000000eaf00000, 0x0000000100000000)
  eden space 2560K, 0% used [0x00000000eab00000,0x00000000eab00000,0x00000000ead80000)
  from space 1024K, 43% used [0x00000000ead80000,0x00000000eadf0000,0x00000000eae80000)
  to   space 512K, 0% used [0x00000000eae80000,0x00000000eae80000,0x00000000eaf00000)
 ParOldGen       total 452608K, used 211397K [0x00000000c0000000, 0x00000000dba00000, 0x00000000eab00000)
  object space 452608K, 46% used [0x00000000c0000000,0x00000000cce716e8,0x00000000dba00000)
 Metaspace       used 59543K, committed 60864K, reserved 1114112K
  class space    used 6122K, committed 6720K, reserved 1048576K
}
Event: 7.714 GC heap before
{Heap before GC invocations=469 (full 3):
 PSYoungGen      total 3584K, used 3007K [0x00000000eab00000, 0x00000000eaf00000, 0x0000000100000000)
  eden space 2560K, 99% used [0x00000000eab00000,0x00000000ead7fff8,0x00000000ead80000)
  from space 1024K, 43% used [0x00000000ead80000,0x00000000eadf0000,0x00000000eae80000)
  to   space 512K, 0% used [0x00000000eae80000,0x00000000eae80000,0x00000000eaf00000)
 ParOldGen       total 452608K, used 211397K [0x00000000c0000000, 0x00000000dba00000, 0x00000000eab00000)
  object space 452608K, 46% used [0x00000000c0000000,0x00000000cce716e8,0x00000000dba00000)
 Metaspace       used 59546K, committed 60864K, reserved 1114112K
  class space    used 6122K, committed 6720K, reserved 1048576K
}
Event: 7.715 GC heap after
{Heap after GC invocations=469 (full 3):
 PSYoungGen      total 3072K, used 483K [0x00000000eab00000, 0x00000000eaf80000, 0x0000000100000000)
  eden space 2560K, 0% used [0x00000000eab00000,0x00000000eab00000,0x00000000ead80000)
  from space 512K, 94% used [0x00000000eae80000,0x00000000eaef8d80,0x00000000eaf00000)
  to   space 1024K, 0% used [0x00000000ead80000,0x00000000ead80000,0x00000000eae80000)
 ParOldGen       total 452608K, used 211841K [0x00000000c0000000, 0x00000000dba00000, 0x00000000eab00000)
  object space 452608K, 46% used [0x00000000c0000000,0x00000000ccee06f8,0x00000000dba00000)
 Metaspace       used 59546K, committed 60864K, reserved 1114112K
  class space    used 6122K, committed 6720K, reserved 1048576K
}
Event: 7.720 GC heap before
{Heap before GC invocations=470 (full 3):
 PSYoungGen      total 3072K, used 3043K [0x00000000eab00000, 0x00000000eaf80000, 0x0000000100000000)
  eden space 2560K, 100% used [0x00000000eab00000,0x00000000ead80000,0x00000000ead80000)
  from space 512K, 94% used [0x00000000eae80000,0x00000000eaef8d80,0x00000000eaf00000)
  to   space 1024K, 0% used [0x00000000ead80000,0x00000000ead80000,0x00000000eae80000)
 ParOldGen       total 452608K, used 211841K [0x00000000c0000000, 0x00000000dba00000, 0x00000000eab00000)
  object space 452608K, 46% used [0x00000000c0000000,0x00000000ccee06f8,0x00000000dba00000)
 Metaspace       used 59556K, committed 60864K, reserved 1114112K
  class space    used 6123K, committed 6720K, reserved 1048576K
}
Event: 7.721 GC heap after
{Heap after GC invocations=470 (full 3):
 PSYoungGen      total 3584K, used 608K [0x00000000eab00000, 0x00000000eaf80000, 0x0000000100000000)
  eden space 2560K, 0% used [0x00000000eab00000,0x00000000eab00000,0x00000000ead80000)
  from space 1024K, 59% used [0x00000000ead80000,0x00000000eae18000,0x00000000eae80000)
  to   space 1024K, 0% used [0x00000000eae80000,0x00000000eae80000,0x00000000eaf80000)
 ParOldGen       total 452608K, used 212330K [0x00000000c0000000, 0x00000000dba00000, 0x00000000eab00000)
  object space 452608K, 46% used [0x00000000c0000000,0x00000000ccf5a820,0x00000000dba00000)
 Metaspace       used 59556K, committed 60864K, reserved 1114112K
  class space    used 6123K, committed 6720K, reserved 1048576K
}
Event: 7.726 GC heap before
{Heap before GC invocations=471 (full 3):
 PSYoungGen      total 3584K, used 3168K [0x00000000eab00000, 0x00000000eaf80000, 0x0000000100000000)
  eden space 2560K, 100% used [0x00000000eab00000,0x00000000ead80000,0x00000000ead80000)
  from space 1024K, 59% used [0x00000000ead80000,0x00000000eae18000,0x00000000eae80000)
  to   space 1024K, 0% used [0x00000000eae80000,0x00000000eae80000,0x00000000eaf80000)
 ParOldGen       total 452608K, used 212330K [0x00000000c0000000, 0x00000000dba00000, 0x00000000eab00000)
  object space 452608K, 46% used [0x00000000c0000000,0x00000000ccf5a820,0x00000000dba00000)
 Metaspace       used 59565K, committed 60864K, reserved 1114112K
  class space    used 6123K, committed 6720K, reserved 1048576K
}
Event: 7.727 GC heap after
{Heap after GC invocations=471 (full 3):
 PSYoungGen      total 3072K, used 384K [0x00000000eab00000, 0x00000000eaf00000, 0x0000000100000000)
  eden space 2560K, 0% used [0x00000000eab00000,0x00000000eab00000,0x00000000ead80000)
  from space 512K, 75% used [0x00000000eae80000,0x00000000eaee0000,0x00000000eaf00000)
  to   space 512K, 0% used [0x00000000eae00000,0x00000000eae00000,0x00000000eae80000)
 ParOldGen       total 452608K, used 212770K [0x00000000c0000000, 0x00000000dba00000, 0x00000000eab00000)
  object space 452608K, 47% used [0x00000000c0000000,0x00000000ccfc8820,0x00000000dba00000)
 Metaspace       used 59565K, committed 60864K, reserved 1114112K
  class space    used 6123K, committed 6720K, reserved 1048576K
}
Event: 7.731 GC heap before
{Heap before GC invocations=472 (full 3):
 PSYoungGen      total 3072K, used 2944K [0x00000000eab00000, 0x00000000eaf00000, 0x0000000100000000)
  eden space 2560K, 100% used [0x00000000eab00000,0x00000000ead80000,0x00000000ead80000)
  from space 512K, 75% used [0x00000000eae80000,0x00000000eaee0000,0x00000000eaf00000)
  to   space 512K, 0% used [0x00000000eae00000,0x00000000eae00000,0x00000000eae80000)
 ParOldGen       total 452608K, used 212770K [0x00000000c0000000, 0x00000000dba00000, 0x00000000eab00000)
  object space 452608K, 47% used [0x00000000c0000000,0x00000000ccfc8820,0x00000000dba00000)
 Metaspace       used 59565K, committed 60864K, reserved 1114112K
  class space    used 6123K, committed 6720K, reserved 1048576K
}
Event: 7.732 GC heap after
{Heap after GC invocations=472 (full 3):
 PSYoungGen      total 3072K, used 448K [0x00000000eab00000, 0x00000000eaf00000, 0x0000000100000000)
  eden space 2560K, 0% used [0x00000000eab00000,0x00000000eab00000,0x00000000ead80000)
  from space 512K, 87% used [0x00000000eae00000,0x00000000eae70000,0x00000000eae80000)
  to   space 512K, 0% used [0x00000000eae80000,0x00000000eae80000,0x00000000eaf00000)
 ParOldGen       total 452608K, used 213038K [0x00000000c0000000, 0x00000000dba00000, 0x00000000eab00000)
  object space 452608K, 47% used [0x00000000c0000000,0x00000000cd00b830,0x00000000dba00000)
 Metaspace       used 59565K, committed 60864K, reserved 1114112K
  class space    used 6123K, committed 6720K, reserved 1048576K
}
Event: 7.738 GC heap before
{Heap before GC invocations=473 (full 3):
 PSYoungGen      total 3072K, used 3005K [0x00000000eab00000, 0x00000000eaf00000, 0x0000000100000000)
  eden space 2560K, 99% used [0x00000000eab00000,0x00000000ead7f610,0x00000000ead80000)
  from space 512K, 87% used [0x00000000eae00000,0x00000000eae70000,0x00000000eae80000)
  to   space 512K, 0% used [0x00000000eae80000,0x00000000eae80000,0x00000000eaf00000)
 ParOldGen       total 452608K, used 213038K [0x00000000c0000000, 0x00000000dba00000, 0x00000000eab00000)
  object space 452608K, 47% used [0x00000000c0000000,0x00000000cd00b830,0x00000000dba00000)
 Metaspace       used 59570K, committed 60864K, reserved 1114112K
  class space    used 6123K, committed 6720K, reserved 1048576K
}
Event: 7.738 GC heap after
{Heap after GC invocations=473 (full 3):
 PSYoungGen      total 3072K, used 416K [0x00000000eab00000, 0x00000000eaf00000, 0x0000000100000000)
  eden space 2560K, 0% used [0x00000000eab00000,0x00000000eab00000,0x00000000ead80000)
  from space 512K, 81% used [0x00000000eae80000,0x00000000eaee8000,0x00000000eaf00000)
  to   space 512K, 0% used [0x00000000eae00000,0x00000000eae00000,0x00000000eae80000)
 ParOldGen       total 452608K, used 213306K [0x00000000c0000000, 0x00000000dba00000, 0x00000000eab00000)
  object space 452608K, 47% used [0x00000000c0000000,0x00000000cd04e840,0x00000000dba00000)
 Metaspace       used 59570K, committed 60864K, reserved 1114112K
  class space    used 6123K, committed 6720K, reserved 1048576K
}

